2020-07-26 18:16:56,757 INFO:BLOCK: Access attempt by: 1080748350430
2020-07-26 18:17:48,951 INFO:ALLOW: Access by: 699481201718 (Denial Roast)
2020-07-26 18:17:51,113 INFO:ALLOW: Access by: 785550682883 (Devid Neo)
2020-07-26 18:17:54,673 INFO:BLOCK: Deactivated card attempt by: 1062044203790 (Fred Blogs)
2020-07-26 18:17:57,116 INFO:BLOCK: Access attempt by: 1080748350430
2020-07-26 21:58:13,555 INFO:ALLOW: Access by: 699481201718 (Denial Roast)
2020-07-26 21:58:17,615 INFO:ALLOW: Access by: 785550682883 (Devid Neo)
2020-07-26 21:58:23,189 INFO:BLOCK: Deactivated card attempt by: 1062044203790 (Fred Blogs)
2020-07-26 21:58:28,670 INFO:BLOCK: Access attempt by: 1080748350430
2020-07-26 22:06:37,762 INFO:ALLOW: Access by: 785550682883 (Devid Neo)
2020-07-26 22:06:41,048 INFO:ALLOW: Access by: 699481201718 (Denial Roast)
2020-07-26 22:06:44,405 ERROR:Error while reading!
2020-07-26 22:06:44,406 INFO:BLOCK: Access attempt by: 1080748350430
2020-07-26 22:06:47,323 INFO:BLOCK: Access attempt by: 1080748350430
2020-07-26 22:06:51,533 INFO:BLOCK: Deactivated card attempt by: 1062044203790 (Fred Blogs)
2020-07-26 22:54:27,000 INFO:BLOCK: Access attempt by: 1080748350430
2020-07-26 22:54:31,491 INFO:BLOCK: Deactivated card attempt by: 1062044203790 (Fred Blogs)
2020-07-26 23:33:47,412 INFO:BLOCK: Access attempt by: 1080748350430
2020-07-28 11:59:00,412 INFO:BLOCK: Access attempt by: 1080748350430
2020-07-28 11:59:04,328 ERROR:Error while reading!
2020-07-28 11:59:04,328 INFO:BLOCK: Deactivated card attempt by: 1062044203790 (Fred Blogs)
2020-07-28 11:59:07,722 INFO:BLOCK: Deactivated card attempt by: 1062044203790 (Fred Blogs)
2020-07-28 11:59:12,265 INFO:ALLOW: Access by: 699481201718 (Denial Roast)
2020-07-28 11:59:16,240 INFO:ALLOW: Access by: 785550682883 (Devid Neo)
2020-07-28 11:59:24,581 INFO:ALLOW: Access by: 785550682883 (Devid Neo)
2020-07-28 12:03:17,557 ERROR:AUTH ERROR!!
2020-07-28 12:03:17,558 ERROR:AUTH ERROR(status2reg & 0x08) != 0
2020-07-28 12:03:17,558 INFO:BLOCK: Access attempt by: 36928940888
2020-07-28 12:03:20,895 ERROR:AUTH ERROR!!
2020-07-28 12:03:20,895 ERROR:AUTH ERROR(status2reg & 0x08) != 0
2020-07-28 12:03:20,896 INFO:BLOCK: Access attempt by: 38430490776
2020-07-28 12:03:24,097 ERROR:AUTH ERROR!!
2020-07-28 12:03:24,098 ERROR:AUTH ERROR(status2reg & 0x08) != 0
2020-07-28 12:03:24,099 INFO:BLOCK: Access attempt by: 38087586197
2020-07-28 12:03:27,245 ERROR:AUTH ERROR!!
2020-07-28 12:03:27,246 ERROR:AUTH ERROR(status2reg & 0x08) != 0
2020-07-28 12:03:27,246 INFO:BLOCK: Access attempt by: 35380236136
2020-07-28 12:23:05,545 ERROR:Error while reading!
2020-07-28 12:23:05,546 INFO:BLOCK: Access attempt by: 1080748350430
2020-07-28 20:27:58,946 INFO:ALLOW: Access by: 699481201718 (Denial Roast)
2020-07-28 20:28:10,516 INFO:ALLOW: Access by: 699481201718 (Denial Roast)
2020-07-28 20:28:14,758 INFO:ALLOW: Access by: 785550682883 (Devid Neo)
2020-07-28 20:28:18,024 INFO:BLOCK: Deactivated card attempt by: 1062044203790 (Fred Blogs)
2020-07-28 20:28:48,457 INFO:BLOCK: Deactivated card attempt by: 1062044203790 (Fred Blogs)
2020-07-28 20:28:51,005 INFO:ALLOW: Access by: 785550682883 (Devid Neo)
2020-07-28 20:29:49,874 INFO:ALLOW: Access by: 785550682883 (Devid Neo)
2020-07-28 20:31:11,748 INFO:ALLOW: Access by: 785550682883 (Devid Neo)
2020-07-28 20:33:47,469 INFO:ALLOW: Access by: 785550682883 (Devid Neo)
2020-07-28 20:33:52,842 INFO:BLOCK: Deactivated card attempt by: 1062044203790 (Fred Blogs)
2020-07-28 20:33:57,550 ERROR:AUTH ERROR!!
2020-07-28 20:33:57,551 ERROR:AUTH ERROR(status2reg & 0x08) != 0
2020-07-28 20:33:57,551 INFO:BLOCK: Access attempt by: 37043081973
2020-07-28 20:47:50,220 INFO:ALLOW: Access by: 785550682883 (Devid Neo)
2020-07-28 20:47:54,353 INFO:BLOCK: Deactivated card attempt by: 1062044203790 (Fred Blogs)
2020-07-28 20:57:03,742 INFO:ALLOW: Access by: 699481201718 (Denial Roast)
2020-07-28 20:57:11,016 INFO:BLOCK: Access attempt by: 1080748350430
2020-07-28 20:57:18,304 INFO:BLOCK: Deactivated card attempt by: 1062044203790 (Fred Blogs)
2020-07-28 20:57:20,993 INFO:ALLOW: Access by: 785550682883 (Devid Neo)
2020-07-28 21:00:19,070 ERROR:AUTH ERROR!!
2020-07-28 21:00:19,070 ERROR:AUTH ERROR(status2reg & 0x08) != 0
2020-07-28 21:00:19,071 INFO:BLOCK: Access attempt by: 36764522697
2020-07-28 21:01:40,766 ERROR:AUTH ERROR!!
2020-07-28 21:01:40,767 ERROR:AUTH ERROR(status2reg & 0x08) != 0
2020-07-28 21:01:40,768 INFO:BLOCK: Access attempt by: 38496780119
2020-07-28 21:02:05,226 ERROR:Error while reading!
2020-07-28 21:02:05,226 INFO:BLOCK: Deactivated card attempt by: 1062044203790 (Fred Blogs)
2020-07-28 21:02:07,256 INFO:ALLOW: Access by: 785550682883 (Devid Neo)
2020-07-28 21:02:30,494 ERROR:AUTH ERROR!!
2020-07-28 21:02:30,495 ERROR:AUTH ERROR(status2reg & 0x08) != 0
2020-07-28 21:02:30,495 INFO:BLOCK: Access attempt by: 584186726586
2020-07-28 21:03:17,338 ERROR:AUTH ERROR!!
2020-07-28 21:03:17,338 ERROR:AUTH ERROR(status2reg & 0x08) != 0
2020-07-28 21:03:17,339 INFO:BLOCK: Access attempt by: 37305577666
2020-07-28 21:10:49,659 INFO:BLOCK: Deactivated card attempt by: 1062044203790 (Fred Blogs)
2020-07-28 21:10:52,709 INFO:ALLOW: Access by: 699481201718 (Denial Roast)
2020-07-28 21:11:02,966 ERROR:AUTH ERROR!!
2020-07-28 21:11:02,966 ERROR:AUTH ERROR(status2reg & 0x08) != 0
2020-07-28 21:11:02,967 INFO:BLOCK: Access attempt by: 38288187557
2020-07-28 22:18:06,349 INFO:ALLOW: Access by: 699481201718 (Denial Roast)
2020-07-28 22:19:52,471 INFO:ALLOW: Access by: 699481201718 (Denial Roast)
2020-07-28 22:20:03,317 INFO:ALLOW: Access by: 699481201718 (Denial Roast)
2020-07-28 22:25:06,066 ERROR:AUTH ERROR!!
2020-07-28 22:25:06,066 ERROR:AUTH ERROR(status2reg & 0x08) != 0
2020-07-28 22:25:06,067 INFO:BLOCK: Deactivated card attempt by: 1062044203790 (Fred Blogs)
2020-07-28 22:25:12,482 INFO:BLOCK: Access attempt by: 1080748350430
2020-07-28 22:25:17,217 ERROR:AUTH ERROR!!
2020-07-28 22:25:17,217 ERROR:AUTH ERROR(status2reg & 0x08) != 0
2020-07-28 22:25:17,924 INFO:ALLOW: Access by: 699481201718 (Denial Roast)
2020-07-28 22:25:30,574 INFO:ALLOW: Access by: 785550682883 (Devid Neo)
2020-07-28 22:49:15,038 INFO:ALLOW: Access by: 785550682883 (Devid Neo)
2020-07-28 22:49:21,839 INFO:BLOCK: Deactivated card attempt by: 1062044203790 (Fred Blogs)
2020-07-28 22:53:06,206 ERROR:AUTH ERROR!!
2020-07-28 22:53:06,207 ERROR:AUTH ERROR(status2reg & 0x08) != 0
2020-07-28 22:53:06,207 INFO:BLOCK: Access attempt by: 36829268384
2020-07-28 22:53:10,516 ERROR:AUTH ERROR!!
2020-07-28 22:53:10,516 ERROR:AUTH ERROR(status2reg & 0x08) != 0
2020-07-28 22:53:10,517 INFO:BLOCK: Access attempt by: 36689228911
2020-07-28 22:54:08,900 ERROR:AUTH ERROR!!
2020-07-28 22:54:08,901 ERROR:AUTH ERROR(status2reg & 0x08) != 0
2020-07-28 22:54:08,901 INFO:BLOCK: Access attempt by: 35822873280
2020-07-28 22:54:52,426 ERROR:AUTH ERROR!!
2020-07-28 22:54:52,427 ERROR:AUTH ERROR(status2reg & 0x08) != 0
2020-07-28 22:54:52,428 INFO:BLOCK: Access attempt by: 584160862552
2020-07-28 22:54:59,889 ERROR:AUTH ERROR!!
2020-07-28 22:54:59,890 ERROR:AUTH ERROR(status2reg & 0x08) != 0
2020-07-28 22:54:59,891 INFO:BLOCK: Access attempt by: 584184963215
2020-07-30 21:15:13,547 INFO:BLOCK: Deactivated card attempt by: 1062044203790 (Fred Blogs)
2020-07-30 21:15:21,360 INFO:BLOCK: Access attempt by: 1080748350430
2020-07-30 22:31:44,171 INFO:BLOCK: Deactivated card attempt by: 1062044203790 (Fred Blogs)
2020-07-30 22:31:47,803 INFO:BLOCK: Access attempt by: 1080748350430
2020-07-30 22:31:51,956 INFO:BLOCK: Access attempt by: 864654893640
2020-07-30 22:31:56,508 INFO:ALLOW: Access by: 785550682883 (Devid Neo)
2020-07-30 22:31:59,508 INFO:ALLOW: Access by: 699481201718 (Denial Roast)
2020-07-30 22:32:03,100 INFO:BLOCK: Access attempt by: 79938466830
2020-07-30 22:33:37,561 INFO:BLOCK: Access attempt by: 864654893640
2020-07-30 22:34:03,650 ERROR:Error while reading!
2020-07-30 22:34:03,656 INFO:BLOCK: Deactivated card attempt by: 1062044203790 (Fred Blogs)
2020-07-30 22:34:08,582 INFO:ALLOW: Access by: 699481201718 (Denial Roast)
2020-08-04 16:58:51,547 INFO:BLOCK: Access attempt by: 864654893640
2020-08-04 16:58:55,782 INFO:BLOCK: Access attempt by: 1080748350430
2020-08-04 16:58:59,169 ERROR:AUTH ERROR!!
2020-08-04 16:58:59,170 ERROR:AUTH ERROR(status2reg & 0x08) != 0
2020-08-04 16:58:59,170 INFO:BLOCK: Deactivated card attempt by: 1062044203790 (Fred Blogs)
2020-08-04 16:59:02,282 INFO:BLOCK: Deactivated card attempt by: 1062044203790 (Fred Blogs)
2020-08-04 16:59:07,111 INFO:ALLOW: Access by: 785550682883 (Devid Neo)
2020-08-04 16:59:10,734 INFO:ALLOW: Access by: 699481201718 (Denial Roast)
2020-08-04 16:59:15,525 INFO:BLOCK: Access attempt by: 79938466830
2020-08-04 16:59:20,526 ERROR:AUTH ERROR!!
2020-08-04 16:59:20,527 ERROR:AUTH ERROR(status2reg & 0x08) != 0
2020-08-04 16:59:20,527 INFO:BLOCK: Access attempt by: 584160706244
2020-08-04 20:14:38,771 INFO:ALLOW: Access by: 699481201718 (Denial Roast)
2020-08-04 20:14:41,181 INFO:ALLOW: Access by: 699481201718 (Denial Roast)
2020-08-04 20:14:45,920 INFO:ALLOW: Access by: 785550682883 (Devid Neo)
2020-08-04 20:14:49,153 INFO:BLOCK: Access attempt by: 79938466830
2020-08-04 20:15:27,440 INFO:ALLOW: Access by: 699481201718 (Denial Roast)
2020-08-04 20:18:32,335 INFO:ALLOW: Access by: 699481201718 (Denial Roast)
2020-08-04 20:19:59,386 INFO:BLOCK: Access attempt by: 864654893640
2020-08-04 20:20:05,078 INFO:ALLOW: Access by: 699481201718 (Denial Roast)
2020-08-04 21:04:05,258 INFO:BLOCK: Access attempt by: 864654893640
2020-08-04 21:04:12,032 INFO:ALLOW: Access by: 699481201718 (Denial Roast)
2020-08-04 21:04:37,522 INFO:ALLOW: Access by: 699481201718 (Denial Roast)
2020-08-04 21:04:40,080 ERROR:AUTH ERROR!!
2020-08-04 21:04:40,081 ERROR:AUTH ERROR(status2reg & 0x08) != 0
2020-08-04 21:04:40,803 INFO:ALLOW: Access by: 699481201718 (Denial Roast)
2020-08-04 21:04:47,861 ERROR:Error while reading!
2020-08-04 21:04:48,575 INFO:ALLOW: Access by: 699481201718 (Denial Roast)
2020-08-04 21:04:51,325 INFO:ALLOW: Access by: 699481201718 (Denial Roast)
2020-08-04 21:12:56,584 INFO:ALLOW: Access by: 699481201718 (Denial Roast)
2020-08-04 21:30:45,783 INFO:BLOCK: Access attempt by: 2732348444
2020-08-04 21:30:56,010 INFO:BLOCK: Access attempt by: 2732348444
2020-08-04 21:33:55,366 INFO:BLOCK: Access attempt by: 864654893640
2020-08-04 21:34:01,158 INFO:ALLOW: Access by: 699481201718 (Denial Roast)
2020-08-04 21:35:01,549 INFO:ALLOW: Access by: 699481201718 (Denial Roast)
2020-08-05 21:45:19,086 ERROR:AUTH ERROR!!
2020-08-05 21:45:19,090 ERROR:AUTH ERROR(status2reg & 0x08) != 0
2020-08-05 21:45:25,934 ERROR:AUTH ERROR!!
2020-08-05 21:45:25,935 ERROR:AUTH ERROR(status2reg & 0x08) != 0
2020-08-05 21:46:49,158 ERROR:AUTH ERROR!!
2020-08-05 21:46:49,159 ERROR:AUTH ERROR(status2reg & 0x08) != 0
2020-08-05 21:46:49,159 INFO:ALLOW: Access by: 2732348444 (Krish Lee)
2020-08-05 21:46:52,634 INFO:ALLOW: Access by: 3068557355 (Fred Blogs)
2020-08-05 21:46:56,190 INFO:ALLOW: Access by: 312259636 (Denial Roast)
2020-08-05 21:46:59,733 INFO:ALLOW: Access by: 3377558178 (Jo Gudy)
2020-08-05 21:47:03,270 INFO:ALLOW: Access by: 4221673243 (Jone Mac)
2020-08-05 21:47:06,604 INFO:ALLOW: Access by: 4148610171 (Devid Neo)
2020-08-05 21:47:10,432 ERROR:AUTH ERROR!!
2020-08-05 21:47:10,433 ERROR:AUTH ERROR(status2reg & 0x08) != 0
2020-08-05 21:47:10,433 INFO:BLOCK: Access attempt by: 150772215
2020-08-05 21:47:29,236 INFO:ALLOW: Access by: 2732348444 (Krish Lee)
2020-08-05 22:15:56,407 INFO:ALLOW: Access by: 312259636 (Denial Roast)
2020-08-05 22:16:00,874 INFO:ALLOW: Access by: 312259636 (Denial Roast)
2020-08-05 22:16:24,398 INFO:ALLOW: Access by: 312259636 (Denial Roast)
2020-08-05 22:16:28,069 INFO:ALLOW: Access by: 312259636 (Denial Roast)
2020-08-05 22:16:31,448 INFO:ALLOW: Access by: 2732348444 (Krish Lee)
2020-08-05 22:16:34,584 INFO:ALLOW: Access by: 3068557355 (Fred Blogs)
2020-08-05 22:16:37,426 INFO:ALLOW: Access by: 3377558178 (Jo Gudy)
2020-08-05 22:16:40,222 INFO:ALLOW: Access by: 4221673243 (Jone Mac)
2020-08-05 22:16:42,922 INFO:ALLOW: Access by: 4148610171 (Devid Neo)
2020-08-05 22:16:45,917 INFO:BLOCK: Access attempt by: 144726988
2020-08-05 22:36:09,540 INFO:BLOCK: Access attempt by: 0
2020-08-05 22:36:11,543 INFO:BLOCK: Access attempt by: 0
2020-08-05 22:36:58,848 INFO:ALLOW: Access by: 4148610171 (Devid Neo)
2020-08-05 22:38:09,430 INFO:BLOCK: Access attempt by: 0
2020-08-05 22:38:11,433 INFO:BLOCK: Access attempt by: 0
2020-08-05 22:38:13,436 INFO:BLOCK: Access attempt by: 0
2020-08-05 22:38:15,439 INFO:BLOCK: Access attempt by: 0
2020-08-05 22:38:17,442 INFO:BLOCK: Access attempt by: 0
2020-08-05 22:39:02,025 ERROR:Error while reading!
2020-08-05 22:39:02,026 INFO:ALLOW: Access by: 4148610171 (Devid Neo)
2020-08-05 22:39:07,180 INFO:ALLOW: Access by: 4148610171 (Devid Neo)
2020-08-05 22:41:30,282 INFO:ALLOW: Access by: 4148610171 (Devid Neo)
2020-08-05 22:41:38,089 INFO:ALLOW: Access by: 3068557355 (Fred Blogs)
2020-08-05 22:42:35,901 INFO:ALLOW: Access by: 4148610171 (Devid Neo)
